--------------------------------------------------------------------------------
Release 14.7 Trace  (nt64)
Copyright (c) 1995-2013 Xilinx, Inc.  All rights reserved.

C:\Xilinx\14.7\ISE_DS\ISE\bin\nt64\unwrapped\trce.exe -intstyle ise -v 3 -s 2
-n 3 -fastpaths -xml FourBitAdder.twx FourBitAdder.ncd -o FourBitAdder.twr
FourBitAdder.pcf

Design file:              FourBitAdder.ncd
Physical constraint file: FourBitAdder.pcf
Device,package,speed:     xc6slx9,tqg144,C,-2 (PRODUCTION 1.23 2013-10-13)
Report level:             verbose report

Environment Variable      Effect 
--------------------      ------ 
NONE                      No environment variables were set
--------------------------------------------------------------------------------

INFO:Timing:2698 - No timing constraints found, doing default enumeration.
INFO:Timing:3412 - To improve timing, see the Timing Closure User Guide (UG612).
INFO:Timing:2752 - To get complete path coverage, use the unconstrained paths 
   option. All paths that are not constrained will be reported in the 
   unconstrained paths section(s) of the report.
INFO:Timing:3339 - The clock-to-out numbers in this timing report are based on 
   a 50 Ohm transmission line loading model.  For the details of this model, 
   and for more information on accounting for different loading conditions, 
   please see the device datasheet.



Data Sheet report:
-----------------
All values displayed in nanoseconds (ns)

Pad to Pad
---------------+---------------+---------+
Source Pad     |Destination Pad|  Delay  |
---------------+---------------+---------+
A<0>           |SUM<0>         |    8.926|
A<0>           |SUM<1>         |    9.412|
A<0>           |SUM<2>         |    9.422|
A<0>           |SUM<3>         |    9.649|
A<1>           |SUM<1>         |    9.585|
A<1>           |SUM<2>         |    9.474|
A<1>           |SUM<3>         |    9.954|
A<2>           |SUM<2>         |    8.696|
A<2>           |SUM<3>         |    9.728|
A<3>           |SUM<3>         |    9.085|
B<0>           |SUM<0>         |    9.002|
B<0>           |SUM<1>         |    9.488|
B<0>           |SUM<2>         |    9.533|
B<0>           |SUM<3>         |    9.318|
B<1>           |SUM<1>         |    8.903|
B<1>           |SUM<2>         |    8.935|
B<1>           |SUM<3>         |    9.357|
B<2>           |SUM<2>         |    8.678|
B<2>           |SUM<3>         |    9.390|
B<3>           |SUM<3>         |    8.514|
EN             |SUM<0>         |    8.732|
EN             |SUM<1>         |    9.218|
EN             |SUM<2>         |    9.057|
EN             |SUM<3>         |    9.162|
---------------+---------------+---------+


Analysis completed Wed Mar 25 14:29:38 2020 
--------------------------------------------------------------------------------

Trace Settings:
-------------------------
Trace Settings 

Peak Memory Usage: 4571 MB



